Using pre-set license
Built from '2021.3/staging' branch; Version is '2021.3.6f1 (7da38d85baf6) revision 8233869'; Using compiler version '192829333'; Build Type 'Release'
OS: 'Windows 10  (10.0.19044) 64bit Professional' Language: 'fr' Physical Memory: 16292 MB
BatchMode: 1, IsHumanControllingUs: 0, StartBugReporterOnCrash: 0, Is64bit: 1, IsPro: 1

COMMAND LINE ARGUMENTS:
C:\Program Files\Unity\Hub\Editor\2021.3.6f1\Editor\Unity.exe
-adb2
-batchMode
-noUpm
-name
AssetImportWorker0
-projectPath
D:/Users/Alexandre/Documents/UnityProjects/LoL_Sandbox
-logFile
Logs/AssetImportWorker0.log
-srvPort
57248
Successfully changed project path to: D:/Users/Alexandre/Documents/UnityProjects/LoL_Sandbox
D:/Users/Alexandre/Documents/UnityProjects/LoL_Sandbox
[UnityMemory] Configuration Parameters - Can be set up in boot.config
    "memorysetup-bucket-allocator-granularity=16"
    "memorysetup-bucket-allocator-bucket-count=8"
    "memorysetup-bucket-allocator-block-size=33554432"
    "memorysetup-bucket-allocator-block-count=8"
    "memorysetup-main-allocator-block-size=16777216"
    "memorysetup-thread-allocator-block-size=16777216"
    "memorysetup-gfx-main-allocator-block-size=16777216"
    "memorysetup-gfx-thread-allocator-block-size=16777216"
    "memorysetup-cache-allocator-block-size=4194304"
    "memorysetup-typetree-allocator-block-size=2097152"
    "memorysetup-profiler-bucket-allocator-granularity=16"
    "memorysetup-profiler-bucket-allocator-bucket-count=8"
    "memorysetup-profiler-bucket-allocator-block-size=33554432"
    "memorysetup-profiler-bucket-allocator-block-count=8"
    "memorysetup-profiler-allocator-block-size=16777216"
    "memorysetup-profiler-editor-allocator-block-size=1048576"
    "memorysetup-temp-allocator-size-main=16777216"
    "memorysetup-job-temp-allocator-block-size=2097152"
    "memorysetup-job-temp-allocator-block-size-background=1048576"
    "memorysetup-job-temp-allocator-reduction-small-platforms=262144"
    "memorysetup-temp-allocator-size-background-worker=32768"
    "memorysetup-temp-allocator-size-job-worker=262144"
    "memorysetup-temp-allocator-size-preload-manager=33554432"
    "memorysetup-temp-allocator-size-nav-mesh-worker=65536"
    "memorysetup-temp-allocator-size-audio-worker=65536"
    "memorysetup-temp-allocator-size-cloud-worker=32768"
    "memorysetup-temp-allocator-size-gi-baking-worker=262144"
    "memorysetup-temp-allocator-size-gfx=262144"
Refreshing native plugins compatible for Editor in 44.89 ms, found 2 plugins.
Preloading 0 native plugins for Editor in 0.00 ms.
Initialize engine version: 2021.3.6f1 (7da38d85baf6)
[Subsystems] Discovering subsystems at path C:/Program Files/Unity/Hub/Editor/2021.3.6f1/Editor/Data/Resources/UnitySubsystems
[Subsystems] Discovering subsystems at path D:/Users/Alexandre/Documents/UnityProjects/LoL_Sandbox/Assets
GfxDevice: creating device client; threaded=0; jobified=0
Direct3D:
    Version:  Direct3D 11.0 [level 11.1]
    Renderer: NVIDIA GeForce RTX 2060 SUPER (ID=0x1f06)
    Vendor:   NVIDIA
    VRAM:     8031 MB
    Driver:   31.0.15.1694
Initialize mono
Mono path[0] = 'C:/Program Files/Unity/Hub/Editor/2021.3.6f1/Editor/Data/Managed'
Mono path[1] = 'C:/Program Files/Unity/Hub/Editor/2021.3.6f1/Editor/Data/MonoBleedingEdge/lib/mono/unityjit-win32'
Mono config path = 'C:/Program Files/Unity/Hub/Editor/2021.3.6f1/Editor/Data/MonoBleedingEdge/etc'
Using monoOptions --debugger-agent=transport=dt_socket,embedding=1,server=y,suspend=n,address=127.0.0.1:56132
Begin MonoManager ReloadAssembly
Registering precompiled unity dll's ...
Register platform support module: C:/Program Files/Unity/Hub/Editor/2021.3.6f1/Editor/Data/PlaybackEngines/WindowsStandaloneSupport/UnityEditor.WindowsStandalone.Extensions.dll
Registered in 0.006778 seconds.
Native extension for WindowsStandalone target not found
Refreshing native plugins compatible for Editor in 40.40 ms, found 2 plugins.
Preloading 0 native plugins for Editor in 0.00 ms.
Mono: successfully reloaded assembly
- Completed reload, in  0.552 seconds
Domain Reload Profiling:
	ReloadAssembly (552ms)
		BeginReloadAssembly (70ms)
			ExecutionOrderSort (0ms)
			DisableScriptedObjects (0ms)
			BackupInstance (0ms)
			ReleaseScriptingObjects (0ms)
			CreateAndSetChildDomain (1ms)
		EndReloadAssembly (380ms)
			LoadAssemblies (67ms)
			RebuildTransferFunctionScriptingTraits (0ms)
			SetupTypeCache (94ms)
			ReleaseScriptCaches (0ms)
			RebuildScriptCaches (31ms)
			SetupLoadedEditorAssemblies (212ms)
				LogAssemblyErrors (0ms)
				InitializePlatformSupportModulesInManaged (7ms)
				SetLoadedEditorAssemblies (0ms)
				RefreshPlugins (40ms)
				BeforeProcessingInitializeOnLoad (1ms)
				ProcessInitializeOnLoadAttributes (123ms)
				ProcessInitializeOnLoadMethodAttributes (40ms)
				AfterProcessingInitializeOnLoad (0ms)
				EditorAssembliesLoaded (0ms)
			ExecutionOrderSort2 (0ms)
			AwakeInstancesAfterBackupRestoration (0ms)
Platform modules already initialized, skipping
Registering precompiled user dll's ...
Registered in 0.003531 seconds.
Begin MonoManager ReloadAssembly
Native extension for WindowsStandalone target not found
Refreshing native plugins compatible for Editor in 0.66 ms, found 2 plugins.
Preloading 0 native plugins for Editor in 0.00 ms.
Package Manager log level set to [2]
Mono: successfully reloaded assembly
- Completed reload, in  0.924 seconds
Domain Reload Profiling:
	ReloadAssembly (925ms)
		BeginReloadAssembly (117ms)
			ExecutionOrderSort (0ms)
			DisableScriptedObjects (5ms)
			BackupInstance (0ms)
			ReleaseScriptingObjects (0ms)
			CreateAndSetChildDomain (19ms)
		EndReloadAssembly (705ms)
			LoadAssemblies (71ms)
			RebuildTransferFunctionScriptingTraits (0ms)
			SetupTypeCache (170ms)
			ReleaseScriptCaches (1ms)
			RebuildScriptCaches (48ms)
			SetupLoadedEditorAssemblies (388ms)
				LogAssemblyErrors (0ms)
				InitializePlatformSupportModulesInManaged (4ms)
				SetLoadedEditorAssemblies (0ms)
				RefreshPlugins (1ms)
				BeforeProcessingInitializeOnLoad (65ms)
				ProcessInitializeOnLoadAttributes (191ms)
				ProcessInitializeOnLoadMethodAttributes (116ms)
				AfterProcessingInitializeOnLoad (10ms)
				EditorAssembliesLoaded (0ms)
			ExecutionOrderSort2 (0ms)
			AwakeInstancesAfterBackupRestoration (6ms)
Platform modules already initialized, skipping
========================================================================
Worker process is ready to serve import requests
Launched and connected shader compiler UnityShaderCompiler.exe after 0.05 seconds
Refreshing native plugins compatible for Editor in 1.61 ms, found 2 plugins.
Preloading 0 native plugins for Editor in 0.00 ms.
Unloading 2676 Unused Serialized files (Serialized files now loaded: 0)
Unloading 62 unused Assets / (56.3 KB). Loaded Objects now: 3110.
Memory consumption went from 100.2 MB to 100.1 MB.
Total: 6.938000 ms (FindLiveObjects: 0.464500 ms CreateObjectMapping: 0.144100 ms MarkObjects: 6.204200 ms  DeleteObjects: 0.123200 ms)

AssetImportParameters requested are different than current active one (requested -> active):
  custom:video-decoder-ogg-theora: a1e56fd34408186e4bbccfd4996cb3dc -> 
  custom:container-muxer-webm: aa71ff27fc2769a1b78a27578f13a17b -> 
  custom:container-demuxer-webm: 4f35f7cbe854078d1ac9338744f61a02 -> 
  custom:video-encoder-webm-vp8: eb34c28f22e8b96e1ab97ce403110664 -> 
  custom:audio-encoder-webm-vorbis: bf7c407c2cedff20999df2af8eb42d56 -> 
  custom:framework-win-MediaFoundation: 216162199b28c13a410421893ffa2e32 -> 
  custom:container-demuxer-ogg: 62fdf1f143b41e24485cea50d1cbac27 -> 
  custom:video-decoder-webm-vp8: 9c59270c3fd7afecdb556c50c9e8de78 -> 
  custom:audio-decoder-ogg-vorbis: bf7c407c2cedff20999df2af8eb42d56 -> 
========================================================================
Received Import Request.
  Time since last request: 40188.386655 seconds.
  path: Assets/PUN/Photon Unity Networking
  artifactKey: Guid(3fd75c50e95e3704fb43ff5eb1871502) Importer(815301076,1909f56bfc062723c751e8b465ee728b)
Start importing Assets/PUN/Photon Unity Networking using Guid(3fd75c50e95e3704fb43ff5eb1871502) Importer(815301076,1909f56bfc062723c751e8b465ee728b)  -> (artifact id: '0e36c027aff6ae3e9357b6f5eb198b50') in 0.007154 seconds 
========================================================================
Received Import Request.
  Time since last request: 0.000022 seconds.
  path: Assets/PUN/Photon Unity Networking/Resources
  artifactKey: Guid(3bf50ae923bb82747af624bf3840d642) Importer(815301076,1909f56bfc062723c751e8b465ee728b)
Start importing Assets/PUN/Photon Unity Networking/Resources using Guid(3bf50ae923bb82747af624bf3840d642) Importer(815301076,1909f56bfc062723c751e8b465ee728b)  -> (artifact id: 'b72967b85ea669812852e1244fe4aae5') in 0.000931 seconds 
========================================================================
Received Import Request.
  Time since last request: 107.319705 seconds.
  path: Assets/Photon/PhotonUnityNetworking/readme.txt
  artifactKey: Guid(d90864ccbf99d4a449c87472b0a181e8) Importer(815301076,1909f56bfc062723c751e8b465ee728b)
Start importing Assets/Photon/PhotonUnityNetworking/readme.txt using Guid(d90864ccbf99d4a449c87472b0a181e8) Importer(815301076,1909f56bfc062723c751e8b465ee728b)  -> (artifact id: 'bb537a99224fdfb9873fd12c301bed62') in 0.025621 seconds 
========================================================================
Received Import Request.
  Time since last request: 10.841845 seconds.
  path: Assets/Photon/PhotonRealtime/Code
  artifactKey: Guid(028784b24103cfd46a9d2eadba4c285f) Importer(815301076,1909f56bfc062723c751e8b465ee728b)
Start importing Assets/Photon/PhotonRealtime/Code using Guid(028784b24103cfd46a9d2eadba4c285f) Importer(815301076,1909f56bfc062723c751e8b465ee728b)  -> (artifact id: '2000b095b3a6223c9ab4e33b9b66b555') in 0.001224 seconds 
========================================================================
Received Import Request.
  Time since last request: 1.667511 seconds.
  path: Assets/Photon/PhotonRealtime/Code/Unity
  artifactKey: Guid(fa14aa576f7e18f4bb6c4c93368a235d) Importer(815301076,1909f56bfc062723c751e8b465ee728b)
Start importing Assets/Photon/PhotonRealtime/Code/Unity using Guid(fa14aa576f7e18f4bb6c4c93368a235d) Importer(815301076,1909f56bfc062723c751e8b465ee728b)  -> (artifact id: '903d4f6c4f76f3871e98b8a5774d49ea') in 0.001295 seconds 
========================================================================
Received Import Request.
  Time since last request: 1.146859 seconds.
  path: Assets/Photon/PhotonRealtime/Code/Unity/PhotonAppSettings.cs
  artifactKey: Guid(a389b614f52fbf347a1533dbbf245033) Importer(815301076,1909f56bfc062723c751e8b465ee728b)
Start importing Assets/Photon/PhotonRealtime/Code/Unity/PhotonAppSettings.cs using Guid(a389b614f52fbf347a1533dbbf245033) Importer(815301076,1909f56bfc062723c751e8b465ee728b)  -> (artifact id: '55c0fdcfc8e432b0ff8d8963c034d245') in 0.003482 seconds 
========================================================================
Received Import Request.
  Time since last request: 3.076747 seconds.
  path: Assets/Photon/PhotonRealtime/Code/Unity/Editor
  artifactKey: Guid(a02814c0303a60f488813e6111993aaa) Importer(815301076,1909f56bfc062723c751e8b465ee728b)
Start importing Assets/Photon/PhotonRealtime/Code/Unity/Editor using Guid(a02814c0303a60f488813e6111993aaa) Importer(815301076,1909f56bfc062723c751e8b465ee728b)  -> (artifact id: '464953b6940a3019dcd164e541b16090') in 0.003602 seconds 
========================================================================
Received Import Request.
  Time since last request: 1.406862 seconds.
  path: Assets/Photon/PhotonRealtime/Code/Unity/Editor/PhotonEditorUtils.cs
  artifactKey: Guid(607340ca505d53d4f8e785423fac7964) Importer(815301076,1909f56bfc062723c751e8b465ee728b)
Start importing Assets/Photon/PhotonRealtime/Code/Unity/Editor/PhotonEditorUtils.cs using Guid(607340ca505d53d4f8e785423fac7964) Importer(815301076,1909f56bfc062723c751e8b465ee728b)  -> (artifact id: '2e262d346743ec95b31e797d16eed6db') in 0.001239 seconds 
========================================================================
Received Import Request.
  Time since last request: 1.899924 seconds.
  path: Assets/Photon/PhotonRealtime/Code/Unity/Editor/AccountService.cs
  artifactKey: Guid(166dfe22956ef0341b28e18d0499e363) Importer(815301076,1909f56bfc062723c751e8b465ee728b)
Start importing Assets/Photon/PhotonRealtime/Code/Unity/Editor/AccountService.cs using Guid(166dfe22956ef0341b28e18d0499e363) Importer(815301076,1909f56bfc062723c751e8b465ee728b)  -> (artifact id: 'ca4cbf4e53100c4dca7bb526f6e493f4') in 0.001112 seconds 
========================================================================
Received Import Request.
  Time since last request: 2.600648 seconds.
  path: Assets/Photon/PhotonRealtime/Demos/DemoLoadBalancing
  artifactKey: Guid(32dc3abb17a2b434a9b7b347bdbea7b3) Importer(815301076,1909f56bfc062723c751e8b465ee728b)
Start importing Assets/Photon/PhotonRealtime/Demos/DemoLoadBalancing using Guid(32dc3abb17a2b434a9b7b347bdbea7b3) Importer(815301076,1909f56bfc062723c751e8b465ee728b)  -> (artifact id: 'a6619a22624b8af7241d6db6f509623a') in 0.001057 seconds 
========================================================================
Received Import Request.
  Time since last request: 6.260287 seconds.
  path: Assets/Photon/PhotonRealtime/Demos/DemoLoadBalancing/ConnectAndJoinRandomLb.cs
  artifactKey: Guid(72e8756202d0dfc488140c228938043b) Importer(815301076,1909f56bfc062723c751e8b465ee728b)
Start importing Assets/Photon/PhotonRealtime/Demos/DemoLoadBalancing/ConnectAndJoinRandomLb.cs using Guid(72e8756202d0dfc488140c228938043b) Importer(815301076,1909f56bfc062723c751e8b465ee728b)  -> (artifact id: 'c15df666eefcff9884e057485f07ad15') in 0.001137 seconds 
========================================================================
Received Import Request.
  Time since last request: 9.880897 seconds.
  path: Assets/Photon/PhotonUnityNetworking/changelog.txt
  artifactKey: Guid(612a7d8fb44bb994d90d9c0fa1408703) Importer(815301076,1909f56bfc062723c751e8b465ee728b)
Start importing Assets/Photon/PhotonUnityNetworking/changelog.txt using Guid(612a7d8fb44bb994d90d9c0fa1408703) Importer(815301076,1909f56bfc062723c751e8b465ee728b)  -> (artifact id: '1bba09c8ff2a4a15139399d58f9ecb33') in 0.001933 seconds 
========================================================================
Received Import Request.
  Time since last request: 0.566724 seconds.
  path: Assets/Photon/PhotonUnityNetworking/link.xml
  artifactKey: Guid(cecd4a32eba31cd4393c185e20824bfc) Importer(815301076,1909f56bfc062723c751e8b465ee728b)
Start importing Assets/Photon/PhotonUnityNetworking/link.xml using Guid(cecd4a32eba31cd4393c185e20824bfc) Importer(815301076,1909f56bfc062723c751e8b465ee728b)  -> (artifact id: '9f1051dd517811e8a086e380f7cadff6') in 0.006071 seconds 
========================================================================
Received Import Request.
  Time since last request: 3.193602 seconds.
  path: Assets/Photon/PhotonUnityNetworking/Code
  artifactKey: Guid(9a312e4dbb5268d4e859200f68478e0c) Importer(815301076,1909f56bfc062723c751e8b465ee728b)
Start importing Assets/Photon/PhotonUnityNetworking/Code using Guid(9a312e4dbb5268d4e859200f68478e0c) Importer(815301076,1909f56bfc062723c751e8b465ee728b)  -> (artifact id: 'c7708e363010cb1f71d9005b8397d275') in 0.000977 seconds 
========================================================================
Received Import Request.
  Time since last request: 11.057682 seconds.
  path: Assets/Photon/PhotonNetworking-Documentation.chm
  artifactKey: Guid(6923098d409554f57bedd5a4fa66e3ad) Importer(815301076,1909f56bfc062723c751e8b465ee728b)
Start importing Assets/Photon/PhotonNetworking-Documentation.chm using Guid(6923098d409554f57bedd5a4fa66e3ad) Importer(815301076,1909f56bfc062723c751e8b465ee728b)  -> (artifact id: '658d19f1c264240241ee4923ead5eda7') in 0.004193 seconds 
========================================================================
Received Import Request.
  Time since last request: 1.376567 seconds.
  path: Assets/Photon/PhotonNetworking-Documentation.pdf
  artifactKey: Guid(c285a840e88d74462a18710772dc4bfb) Importer(815301076,1909f56bfc062723c751e8b465ee728b)
Start importing Assets/Photon/PhotonNetworking-Documentation.pdf using Guid(c285a840e88d74462a18710772dc4bfb) Importer(815301076,1909f56bfc062723c751e8b465ee728b)  -> (artifact id: '333dda0fe911724c9ae2a732fd7016c8') in 0.003691 seconds 
========================================================================
Received Import Request.
  Time since last request: 1.807865 seconds.
  path: Assets/Photon/PhotonUnityNetworking
  artifactKey: Guid(d2b6672cc770a19438ff06fcb2637630) Importer(815301076,1909f56bfc062723c751e8b465ee728b)
Start importing Assets/Photon/PhotonUnityNetworking using Guid(d2b6672cc770a19438ff06fcb2637630) Importer(815301076,1909f56bfc062723c751e8b465ee728b)  -> (artifact id: '02652f997a7695fde65bc0e3f4825319') in 0.001081 seconds 
========================================================================
Received Import Request.
  Time since last request: 1.456388 seconds.
  path: Assets/Photon/PhotonRealtime
  artifactKey: Guid(b54c221855bde4a4ba511877e7b6b904) Importer(815301076,1909f56bfc062723c751e8b465ee728b)
Start importing Assets/Photon/PhotonRealtime using Guid(b54c221855bde4a4ba511877e7b6b904) Importer(815301076,1909f56bfc062723c751e8b465ee728b)  -> (artifact id: 'e526c20f6c7d0f4e622b2288d1da2c10') in 0.001046 seconds 
========================================================================
Received Import Request.
  Time since last request: 8.952168 seconds.
  path: Assets/Photon/PhotonRealtime/Code/PhotonRealtime.asmdef
  artifactKey: Guid(831409e8f9d13b5479a3baef9822ad34) Importer(815301076,1909f56bfc062723c751e8b465ee728b)
Start importing Assets/Photon/PhotonRealtime/Code/PhotonRealtime.asmdef using Guid(831409e8f9d13b5479a3baef9822ad34) Importer(815301076,1909f56bfc062723c751e8b465ee728b)  -> (artifact id: '25ad6d6244e0e7463b52bf4acca5721c') in 0.002204 seconds 
========================================================================
Received Import Request.
  Time since last request: 10.938880 seconds.
  path: Assets/Photon/PhotonRealtime/Code/Player.cs
  artifactKey: Guid(e3e4b5bebc687044b9c6c2803c36be3d) Importer(815301076,1909f56bfc062723c751e8b465ee728b)
Start importing Assets/Photon/PhotonRealtime/Code/Player.cs using Guid(e3e4b5bebc687044b9c6c2803c36be3d) Importer(815301076,1909f56bfc062723c751e8b465ee728b)  -> (artifact id: 'f9e284e7486058e466efdddbfe3c2cf2') in 0.001215 seconds 
========================================================================
Received Import Request.
  Time since last request: 2.606476 seconds.
  path: Assets/Photon/PhotonRealtime/Code/WebRpc.cs
  artifactKey: Guid(294b0a24f6c841f48acf4bf696a4d764) Importer(815301076,1909f56bfc062723c751e8b465ee728b)
Start importing Assets/Photon/PhotonRealtime/Code/WebRpc.cs using Guid(294b0a24f6c841f48acf4bf696a4d764) Importer(815301076,1909f56bfc062723c751e8b465ee728b)  -> (artifact id: '757e58f5b7d958408eb4b9a6fe5b0911') in 0.001282 seconds 
========================================================================
Received Import Request.
  Time since last request: 19.597821 seconds.
  path: Assets/Photon/PhotonRealtime/Code/AppSettings.cs
  artifactKey: Guid(272beb7315eb9fc4daecafe2ff373baf) Importer(815301076,1909f56bfc062723c751e8b465ee728b)
Start importing Assets/Photon/PhotonRealtime/Code/AppSettings.cs using Guid(272beb7315eb9fc4daecafe2ff373baf) Importer(815301076,1909f56bfc062723c751e8b465ee728b)  -> (artifact id: '4671c46d47125e80cd30579a5d8a1c09') in 0.001213 seconds 
========================================================================
Received Import Request.
  Time since last request: 14.137906 seconds.
  path: Assets/Photon/PhotonRealtime/Code/changes-realtime.txt
  artifactKey: Guid(530dcba8d8fbbc24a8894ca925cadd8a) Importer(815301076,1909f56bfc062723c751e8b465ee728b)
Start importing Assets/Photon/PhotonRealtime/Code/changes-realtime.txt using Guid(530dcba8d8fbbc24a8894ca925cadd8a) Importer(815301076,1909f56bfc062723c751e8b465ee728b)  -> (artifact id: '353ee6ea4c1356139812c8ea1ac8cc79') in 0.001877 seconds 
========================================================================
Received Import Request.
  Time since last request: 9.193046 seconds.
  path: Assets/Photon/PhotonLibs/Photon3Unity3D.dll
  artifactKey: Guid(aadb37a20a33632429047acaef43658a) Importer(815301076,1909f56bfc062723c751e8b465ee728b)
Start importing Assets/Photon/PhotonLibs/Photon3Unity3D.dll using Guid(aadb37a20a33632429047acaef43658a) Importer(815301076,1909f56bfc062723c751e8b465ee728b)  -> (artifact id: '6eb21e9f0b3303ccdc4a7bb592d2d776') in 0.004556 seconds 
========================================================================
Received Import Request.
  Time since last request: 3.971379 seconds.
  path: Assets/Photon/PhotonLibs/Photon3Unity3D.pdb
  artifactKey: Guid(93859f4db66a6aa4183dbad399a56e24) Importer(815301076,1909f56bfc062723c751e8b465ee728b)
Start importing Assets/Photon/PhotonLibs/Photon3Unity3D.pdb using Guid(93859f4db66a6aa4183dbad399a56e24) Importer(815301076,1909f56bfc062723c751e8b465ee728b)  -> (artifact id: 'a1a108d27e7e8923213e25cc055e4b91') in 0.002862 seconds 
========================================================================
Received Import Request.
  Time since last request: 0.530174 seconds.
  path: Assets/Photon/PhotonLibs/Photon3Unity3D.xml
  artifactKey: Guid(8d4f08d435c4b6343969d8af249460ff) Importer(815301076,1909f56bfc062723c751e8b465ee728b)
Start importing Assets/Photon/PhotonLibs/Photon3Unity3D.xml using Guid(8d4f08d435c4b6343969d8af249460ff) Importer(815301076,1909f56bfc062723c751e8b465ee728b)  -> (artifact id: '3b3f51599024cb66b7b5c4647c74d6b1') in 0.001443 seconds 
========================================================================
Received Import Request.
  Time since last request: 1.664344 seconds.
  path: Assets/Photon/PhotonLibs/changes-library.txt
  artifactKey: Guid(d8040d310df77714a90a561261bfb2cb) Importer(815301076,1909f56bfc062723c751e8b465ee728b)
Start importing Assets/Photon/PhotonLibs/changes-library.txt using Guid(d8040d310df77714a90a561261bfb2cb) Importer(815301076,1909f56bfc062723c751e8b465ee728b)  -> (artifact id: 'c08864fa4776ace455fc545fee4913cf') in 0.001689 seconds 
========================================================================
Received Import Request.
  Time since last request: 1.221914 seconds.
  path: Assets/Photon/PhotonLibs/WebSocket
  artifactKey: Guid(2f243ce0406bd1c40a9ff5fc2d78d905) Importer(815301076,1909f56bfc062723c751e8b465ee728b)
Start importing Assets/Photon/PhotonLibs/WebSocket using Guid(2f243ce0406bd1c40a9ff5fc2d78d905) Importer(815301076,1909f56bfc062723c751e8b465ee728b)  -> (artifact id: 'ef37dc17bbd9e364e43b0d23e6305350') in 0.001275 seconds 
========================================================================
Received Import Request.
  Time since last request: 1.292269 seconds.
  path: Assets/Photon/PhotonLibs/WebSocket/websocket-sharp.dll
  artifactKey: Guid(748eb70bc0d7515498ef73fed155520a) Importer(815301076,1909f56bfc062723c751e8b465ee728b)
Start importing Assets/Photon/PhotonLibs/WebSocket/websocket-sharp.dll using Guid(748eb70bc0d7515498ef73fed155520a) Importer(815301076,1909f56bfc062723c751e8b465ee728b)  -> (artifact id: '73dce39d200f56921d55d52d36e73202') in 0.001160 seconds 
========================================================================
Received Import Request.
  Time since last request: 2.765893 seconds.
  path: Assets/Photon/PhotonLibs/WebSocket/websocket-sharp.README
  artifactKey: Guid(3e262c2b04eaa8440987b50a91e86674) Importer(815301076,1909f56bfc062723c751e8b465ee728b)
Start importing Assets/Photon/PhotonLibs/WebSocket/websocket-sharp.README using Guid(3e262c2b04eaa8440987b50a91e86674) Importer(815301076,1909f56bfc062723c751e8b465ee728b)  -> (artifact id: 'b2af744c41b7968efc6525a354e175c5') in 0.002491 seconds 
========================================================================
Received Import Request.
  Time since last request: 225.601244 seconds.
  path: Assets/Photon/PhotonUnityNetworking/Code/Editor
  artifactKey: Guid(e14293cef01c2f742a605d63babcb803) Importer(815301076,1909f56bfc062723c751e8b465ee728b)
Start importing Assets/Photon/PhotonUnityNetworking/Code/Editor using Guid(e14293cef01c2f742a605d63babcb803) Importer(815301076,1909f56bfc062723c751e8b465ee728b)  -> (artifact id: '0f1caef78182fc7f23e772a112808c51') in 0.001146 seconds 
========================================================================
Received Import Request.
  Time since last request: 2.688680 seconds.
  path: Assets/Photon/PhotonUnityNetworking/Code/Editor/PhotonUnityNetworking.Editor.asmdef
  artifactKey: Guid(4025d00f1ce60da4ea2d0830acf5ebfb) Importer(815301076,1909f56bfc062723c751e8b465ee728b)
Start importing Assets/Photon/PhotonUnityNetworking/Code/Editor/PhotonUnityNetworking.Editor.asmdef using Guid(4025d00f1ce60da4ea2d0830acf5ebfb) Importer(815301076,1909f56bfc062723c751e8b465ee728b)  -> (artifact id: 'c8efbd6a4e34b063734fafc8885ae636') in 0.001115 seconds 
========================================================================
Received Import Request.
  Time since last request: 8.744980 seconds.
  path: Assets/Photon/PhotonUnityNetworking/Code/Editor/Views
  artifactKey: Guid(c6024eaa234f94341af9e45cc99285c7) Importer(815301076,1909f56bfc062723c751e8b465ee728b)
Start importing Assets/Photon/PhotonUnityNetworking/Code/Editor/Views using Guid(c6024eaa234f94341af9e45cc99285c7) Importer(815301076,1909f56bfc062723c751e8b465ee728b)  -> (artifact id: '0ab01139dbf776d06ca852ae2b7dab61') in 0.001391 seconds 
========================================================================
Received Import Request.
  Time since last request: 23.222873 seconds.
  path: Assets/Photon/PhotonUnityNetworking/UtilityScripts/PhotonView
  artifactKey: Guid(199121930ec5d4aa9bb53d836180b74f) Importer(815301076,1909f56bfc062723c751e8b465ee728b)
Start importing Assets/Photon/PhotonUnityNetworking/UtilityScripts/PhotonView using Guid(199121930ec5d4aa9bb53d836180b74f) Importer(815301076,1909f56bfc062723c751e8b465ee728b)  -> (artifact id: '8d2b86e9416273aa46dbe4b49e3fe97b') in 0.001128 seconds 
========================================================================
Received Import Request.
  Time since last request: 11.610647 seconds.
  path: Assets/Photon/PhotonUnityNetworking/UtilityScripts/PhotonPlayer/Editor
  artifactKey: Guid(f1d46a1c486645945a3667d8bbe2d2e7) Importer(815301076,1909f56bfc062723c751e8b465ee728b)
Start importing Assets/Photon/PhotonUnityNetworking/UtilityScripts/PhotonPlayer/Editor using Guid(f1d46a1c486645945a3667d8bbe2d2e7) Importer(815301076,1909f56bfc062723c751e8b465ee728b)  -> (artifact id: '429adfa449968972be54157965330f97') in 0.000943 seconds 
========================================================================
Received Import Request.
  Time since last request: 1.780688 seconds.
  path: Assets/Photon/PhotonUnityNetworking/UtilityScripts/PhotonPlayer/Editor/PhotonUnityNetworking.Utilities.PhotonPlayer.Editor.asmdef
  artifactKey: Guid(7024f760fc566cf45a16d2c838e22b2d) Importer(815301076,1909f56bfc062723c751e8b465ee728b)
Start importing Assets/Photon/PhotonUnityNetworking/UtilityScripts/PhotonPlayer/Editor/PhotonUnityNetworking.Utilities.PhotonPlayer.Editor.asmdef using Guid(7024f760fc566cf45a16d2c838e22b2d) Importer(815301076,1909f56bfc062723c751e8b465ee728b)  -> (artifact id: '53d82f1739b2e66f052f3a86e7c6181d') in 0.001397 seconds 
========================================================================
Received Import Request.
  Time since last request: 2.131335 seconds.
  path: Assets/Photon/PhotonUnityNetworking/UtilityScripts/PhotonPlayer/Editor/PunTeamsInspector.cs
  artifactKey: Guid(7dcadaf22424c4f5d82f4d48c3b8097f) Importer(815301076,1909f56bfc062723c751e8b465ee728b)
Start importing Assets/Photon/PhotonUnityNetworking/UtilityScripts/PhotonPlayer/Editor/PunTeamsInspector.cs using Guid(7dcadaf22424c4f5d82f4d48c3b8097f) Importer(815301076,1909f56bfc062723c751e8b465ee728b)  -> (artifact id: '42118ff42c453603cedeccc4cdfee565') in 0.001215 seconds 
========================================================================
Received Import Request.
  Time since last request: 0.529569 seconds.
  path: Assets/Photon/PhotonUnityNetworking/UtilityScripts/PhotonPlayer/Editor/PhotonTeamsManagerInspector.cs
  artifactKey: Guid(8cb74f08e3fc52942a0d8557772bf4dc) Importer(815301076,1909f56bfc062723c751e8b465ee728b)
Start importing Assets/Photon/PhotonUnityNetworking/UtilityScripts/PhotonPlayer/Editor/PhotonTeamsManagerInspector.cs using Guid(8cb74f08e3fc52942a0d8557772bf4dc) Importer(815301076,1909f56bfc062723c751e8b465ee728b)  -> (artifact id: '7d045637e20bb3eda653a2b85257cafa') in 0.001375 seconds 
========================================================================
Received Import Request.
  Time since last request: 573.268394 seconds.
  path: Assets/Scripts/Managers/StaticObjects.cs
  artifactKey: Guid(77536655fca08d249a9fa915c3742cb1) Importer(815301076,1909f56bfc062723c751e8b465ee728b)
Start importing Assets/Scripts/Managers/StaticObjects.cs using Guid(77536655fca08d249a9fa915c3742cb1) Importer(815301076,1909f56bfc062723c751e8b465ee728b)  -> (artifact id: '63ad7f76e7df52d4c1942af7673dba7c') in 0.001064 seconds 
========================================================================
Received Import Request.
  Time since last request: 1044.407336 seconds.
  path: Assets/Scripts/Managers/StaticObjects.cs
  artifactKey: Guid(77536655fca08d249a9fa915c3742cb1) Importer(815301076,1909f56bfc062723c751e8b465ee728b)
Start importing Assets/Scripts/Managers/StaticObjects.cs using Guid(77536655fca08d249a9fa915c3742cb1) Importer(815301076,1909f56bfc062723c751e8b465ee728b)  -> (artifact id: '003b5a7a2a2a562f4b8af011936a4974') in 0.074513 seconds 
========================================================================
Received Import Request.
  Time since last request: 196.219708 seconds.
  path: Assets/Photon/PhotonUnityNetworking/Code/PhotonUnityNetworking.asmdef
  artifactKey: Guid(57c32fc907df0f54e8e6e8f0d2488336) Importer(815301076,1909f56bfc062723c751e8b465ee728b)
Start importing Assets/Photon/PhotonUnityNetworking/Code/PhotonUnityNetworking.asmdef using Guid(57c32fc907df0f54e8e6e8f0d2488336) Importer(815301076,1909f56bfc062723c751e8b465ee728b)  -> (artifact id: '026ebe2199675ed7475d3fdb526b03bd') in 0.001192 seconds 
========================================================================
Received Import Request.
  Time since last request: 20.761673 seconds.
  path: Assets/Scripts/Scripts.asmdef
  artifactKey: Guid(9ae6873889babc3419f745eea58e4308) Importer(815301076,1909f56bfc062723c751e8b465ee728b)
Start importing Assets/Scripts/Scripts.asmdef using Guid(9ae6873889babc3419f745eea58e4308) Importer(815301076,1909f56bfc062723c751e8b465ee728b)  -> (artifact id: '2f51d89f995e18ae2a2bfe40f64cd504') in 0.001272 seconds 
========================================================================
Received Import Request.
  Time since last request: 15.507168 seconds.
  path: Packages/com.unity.analytics/Editor/Analytics.asmdef
  artifactKey: Guid(9811a7ba202944de58374f6369b5bceb) Importer(815301076,1909f56bfc062723c751e8b465ee728b)
Start importing Packages/com.unity.analytics/Editor/Analytics.asmdef using Guid(9811a7ba202944de58374f6369b5bceb) Importer(815301076,1909f56bfc062723c751e8b465ee728b)  -> (artifact id: '842f90e5347b2ff2be8ff33797516b2c') in 0.001282 seconds 
========================================================================
Received Import Request.
  Time since last request: 0.005245 seconds.
  path: Packages/com.unity.ide.visualstudio/Editor/com.unity.ide.visualstudio.asmdef
  artifactKey: Guid(b93f844d45cfcc44fa2b0eed5c9ec6bb) Importer(815301076,1909f56bfc062723c751e8b465ee728b)
Start importing Packages/com.unity.ide.visualstudio/Editor/com.unity.ide.visualstudio.asmdef using Guid(b93f844d45cfcc44fa2b0eed5c9ec6bb) Importer(815301076,1909f56bfc062723c751e8b465ee728b)  -> (artifact id: '458dce39154d56260747e9ec46840c92') in 0.001158 seconds 
========================================================================
Received Import Request.
  Time since last request: 0.000634 seconds.
  path: Packages/com.unity.xr.legacyinputhelpers/Tests/Editor/LegacyInputHelpersEditorTests.asmdef
  artifactKey: Guid(559bcbd55c770ea4d959cfdb857c39a5) Importer(815301076,1909f56bfc062723c751e8b465ee728b)
Start importing Packages/com.unity.xr.legacyinputhelpers/Tests/Editor/LegacyInputHelpersEditorTests.asmdef using Guid(559bcbd55c770ea4d959cfdb857c39a5) Importer(815301076,1909f56bfc062723c751e8b465ee728b)  -> (artifact id: '01345a7305bf7d46568bff57135a14b6') in 0.001543 seconds 
========================================================================
Received Import Request.
  Time since last request: 0.000033 seconds.
  path: Packages/com.unity.collab-proxy/Editor/Collaborate/Unity.CollabProxy.Editor.asmdef
  artifactKey: Guid(17b36165d09634a48bf5a0e4bb27f4bd) Importer(815301076,1909f56bfc062723c751e8b465ee728b)
Start importing Packages/com.unity.collab-proxy/Editor/Collaborate/Unity.CollabProxy.Editor.asmdef using Guid(17b36165d09634a48bf5a0e4bb27f4bd) Importer(815301076,1909f56bfc062723c751e8b465ee728b)  -> (artifact id: '49a4745d0e60b075159c0ab9a3a2ae75') in 0.001214 seconds 
========================================================================
Received Import Request.
  Time since last request: 0.000028 seconds.
  path: Packages/com.unity.purchasing/Runtime/Common/Purchasing.Common.asmdef
  artifactKey: Guid(7bb1ee73ebb9f114188944f67b1333d6) Importer(815301076,1909f56bfc062723c751e8b465ee728b)
Start importing Packages/com.unity.purchasing/Runtime/Common/Purchasing.Common.asmdef using Guid(7bb1ee73ebb9f114188944f67b1333d6) Importer(815301076,1909f56bfc062723c751e8b465ee728b)  -> (artifact id: 'd2fdc54b409ba198186c50f870b1082c') in 0.001289 seconds 
========================================================================
Received Import Request.
  Time since last request: 0.000037 seconds.
  path: Packages/com.unity.2d.tilemap/Editor/Unity.2D.Tilemap.Editor.asmdef
  artifactKey: Guid(3a9781db4804a9945b9883f3a7c46d45) Importer(815301076,1909f56bfc062723c751e8b465ee728b)
Start importing Packages/com.unity.2d.tilemap/Editor/Unity.2D.Tilemap.Editor.asmdef using Guid(3a9781db4804a9945b9883f3a7c46d45) Importer(815301076,1909f56bfc062723c751e8b465ee728b)  -> (artifact id: '297ac59c38a5002cef1ff55aa77f07ff') in 0.001147 seconds 
========================================================================
Received Import Request.
  Time since last request: 0.000024 seconds.
  path: Packages/com.unity.2d.tilemap/Tests/Editor/Unity.2D.Tilemap.Package.EditorTests.asmdef
  artifactKey: Guid(8ce1fc14411aade4b81c0e6dd86950be) Importer(815301076,1909f56bfc062723c751e8b465ee728b)
Start importing Packages/com.unity.2d.tilemap/Tests/Editor/Unity.2D.Tilemap.Package.EditorTests.asmdef using Guid(8ce1fc14411aade4b81c0e6dd86950be) Importer(815301076,1909f56bfc062723c751e8b465ee728b)  -> (artifact id: '2e7ad326178c5d9963c1d483600f8c9e') in 0.001193 seconds 
========================================================================
Received Import Request.
  Time since last request: 0.000026 seconds.
  path: Packages/com.unity.analytics/Tests/Runtime/Unity.Analytics.DataPrivacy.Tests.asmdef
  artifactKey: Guid(015812e983113a84b95773e55f3cec13) Importer(815301076,1909f56bfc062723c751e8b465ee728b)
Start importing Packages/com.unity.analytics/Tests/Runtime/Unity.Analytics.DataPrivacy.Tests.asmdef using Guid(015812e983113a84b95773e55f3cec13) Importer(815301076,1909f56bfc062723c751e8b465ee728b)  -> (artifact id: '0f62f53a6360d4bdad7082a143c7a710') in 0.001163 seconds 
========================================================================
Received Import Request.
  Time since last request: 0.000043 seconds.
  path: Packages/com.unity.analytics/DataPrivacy/Unity.Analytics.DataPrivacy.asmdef
  artifactKey: Guid(0fda7ebe61ab2164383d10e32efb9c6e) Importer(815301076,1909f56bfc062723c751e8b465ee728b)
Start importing Packages/com.unity.analytics/DataPrivacy/Unity.Analytics.DataPrivacy.asmdef using Guid(0fda7ebe61ab2164383d10e32efb9c6e) Importer(815301076,1909f56bfc062723c751e8b465ee728b)  -> (artifact id: '6c7b1a30642346b280c13ae68c0ac272') in 0.001249 seconds 
========================================================================
Received Import Request.
  Time since last request: 0.000038 seconds.
  path: Assets/Photon/PhotonUnityNetworking/Demos/PhotonUnityNetworking.Demos.asmdef
  artifactKey: Guid(35cc2632df2760540bcc67312740008b) Importer(815301076,1909f56bfc062723c751e8b465ee728b)
Start importing Assets/Photon/PhotonUnityNetworking/Demos/PhotonUnityNetworking.Demos.asmdef using Guid(35cc2632df2760540bcc67312740008b) Importer(815301076,1909f56bfc062723c751e8b465ee728b)  -> (artifact id: 'fd3eb907c51f241c8fca7ae163e2bfad') in 0.001265 seconds 
========================================================================
Received Import Request.
  Time since last request: 0.000040 seconds.
  path: Packages/com.unity.xr.legacyinputhelpers/Runtime/LegacyInputHelpers.asmdef
  artifactKey: Guid(28c5e819ece8a0746abb16dc5aa91f44) Importer(815301076,1909f56bfc062723c751e8b465ee728b)
Start importing Packages/com.unity.xr.legacyinputhelpers/Runtime/LegacyInputHelpers.asmdef using Guid(28c5e819ece8a0746abb16dc5aa91f44) Importer(815301076,1909f56bfc062723c751e8b465ee728b)  -> (artifact id: '27740e47140a62b3fde51b7943d0e960') in 0.001410 seconds 
========================================================================
Received Import Request.
  Time since last request: 0.000029 seconds.
  path: Assets/Photon/PhotonChat/Code/PhotonChat.asmdef
  artifactKey: Guid(08a110bd598f7604f9519c2d7e1fb3cc) Importer(815301076,1909f56bfc062723c751e8b465ee728b)
Start importing Assets/Photon/PhotonChat/Code/PhotonChat.asmdef using Guid(08a110bd598f7604f9519c2d7e1fb3cc) Importer(815301076,1909f56bfc062723c751e8b465ee728b)  -> (artifact id: '4479f572114e2b70de521fa32417a73c') in 0.001335 seconds 
========================================================================
Received Import Request.
  Time since last request: 0.000021 seconds.
  path: Assets/Photon/PhotonUnityNetworking/Demos/DemoHub/Editor/PunDemos.DemoHubEditor.asmdef
  artifactKey: Guid(e9a89c21e4f5b294eb31fb8166e13303) Importer(815301076,1909f56bfc062723c751e8b465ee728b)
Start importing Assets/Photon/PhotonUnityNetworking/Demos/DemoHub/Editor/PunDemos.DemoHubEditor.asmdef using Guid(e9a89c21e4f5b294eb31fb8166e13303) Importer(815301076,1909f56bfc062723c751e8b465ee728b)  -> (artifact id: 'b50f12dc97b1748f3fece859de85dd75') in 0.001228 seconds 
========================================================================
Received Import Request.
  Time since last request: 0.000021 seconds.
  path: Packages/com.unity.2d.sprite/Tests/Editor/Unity.2D.Sprite.Package.EditorTests.asmdef
  artifactKey: Guid(52648b72c7bef2040bf0cfa8dd0f74da) Importer(815301076,1909f56bfc062723c751e8b465ee728b)
Start importing Packages/com.unity.2d.sprite/Tests/Editor/Unity.2D.Sprite.Package.EditorTests.asmdef using Guid(52648b72c7bef2040bf0cfa8dd0f74da) Importer(815301076,1909f56bfc062723c751e8b465ee728b)  -> (artifact id: 'd0c61edb215181438afdd7dc74a6d066') in 0.001193 seconds 
Editor requested this worker to shutdown with reason: Scaling down because of idle timeout
AssetImportWorker is now disconnected from the server
Process exiting
Exiting without the bug reporter. Application will terminate with return code 0